<?xml version="1.0" encoding="UTF-8"?>
<!-- Generated by org.testng.reporters.JUnitReportReporter -->
<testsuite hostname="BikramjeetSingh" failures="0" tests="1" name="com.test.LoginTest" time="21.258" errors="0" timestamp="19 Aug 2019 09:27:09 GMT" skipped="0">
  <testcase classname="com.test.LoginTest" name="Logintest" time="21.258"/>
</testsuite> <!-- com.test.LoginTest -->
